Z:\DATA STRUCTURES\DS_LAB14\DS_LAB14\DEBUG\TREE.OBJ
Z:\DATA STRUCTURES\DS_LAB14\DS_LAB14\DEBUG\VC110.PDB
Z:\DATA STRUCTURES\DS_LAB14\DS_LAB14\DEBUG\RADOM.OBJ
Z:\DATA STRUCTURES\DS_LAB14\DEBUG\DS_LAB14.PDB
Z:\data structures\DS_lab14\DS_lab14\Debug\tree.obj
Z:\data structures\DS_lab14\DS_lab14\Debug\radom.obj
Z:\data structures\DS_lab14\DS_lab14\Debug\CL.read.1.tlog
Z:\data structures\DS_lab14\DS_lab14\Debug\CL.write.1.tlog
Z:\data structures\DS_lab14\DS_lab14\Debug\cl.command.1.tlog
Z:\data structures\DS_lab14\DS_lab14\Debug\link-rc.read.1.tlog
Z:\data structures\DS_lab14\DS_lab14\Debug\link-rc.write.1.tlog
Z:\data structures\DS_lab14\DS_lab14\Debug\link-cvtres.read.1.tlog
Z:\data structures\DS_lab14\DS_lab14\Debug\link-cvtres.write.1.tlog
Z:\data structures\DS_lab14\DS_lab14\Debug\link.read.1.tlog
Z:\data structures\DS_lab14\DS_lab14\Debug\link.write.1.tlog
Z:\data structures\DS_lab14\DS_lab14\Debug\link.command.1.tlog
Z:\data structures\DS_lab14\DS_lab14\Debug\vc110.idb
Z:\data structures\DS_lab14\DS_lab14\Debug\vc110.pdb
Z:\data structures\DS_lab14\Debug\DS_lab14.pdb
Z:\data structures\DS_lab14\Debug\DS_lab14.exe
Z:\data structures\DS_lab14\Debug\DS_lab14.ilk
